2018-01-13 17:25:35 INFO  GuiCtrl:68 - [START]
2018-01-13 17:25:35 INFO  Generator:52 - [createvalue] => 73
2018-01-13 17:25:35 INFO  Atomique:30 - [execute]
2018-01-13 17:25:35 INFO  Canal:65 - [update] RANDOM := 731
2018-01-13 17:25:35 INFO  Canal:65 - [update] RANDOM := 886
2018-01-13 17:25:35 INFO  Canal:65 - [update] RANDOM := 843
2018-01-13 17:25:35 INFO  Canal:65 - [update] RANDOM := 90
2018-01-13 17:25:36 INFO  Canal:55 - getValue():73
2018-01-13 17:25:36 INFO  Afficheur:35 - Afficheur [update] =>73
2018-01-13 17:25:36 INFO  Canal:55 - getValue():73
2018-01-13 17:25:36 INFO  Afficheur:35 - Afficheur [update] =>73
2018-01-13 17:25:36 INFO  Canal:55 - getValue():73
2018-01-13 17:25:36 INFO  Afficheur:35 - Afficheur [update] =>73
2018-01-13 17:25:36 INFO  Canal:55 - getValue():73
2018-01-13 17:25:36 INFO  Afficheur:35 - Afficheur [update] =>73
2018-01-13 17:25:38 INFO  Generator:52 - [createvalue] => 4
2018-01-13 17:25:38 INFO  Atomique:30 - [execute]
2018-01-13 17:25:38 INFO  Canal:65 - [update] RANDOM := 591
2018-01-13 17:25:38 INFO  Canal:65 - [update] RANDOM := 229
2018-01-13 17:25:38 INFO  Canal:65 - [update] RANDOM := 624
2018-01-13 17:25:38 INFO  Canal:65 - [update] RANDOM := 534
2018-01-13 17:25:38 INFO  Canal:55 - getValue():4
2018-01-13 17:25:38 INFO  Afficheur:35 - Afficheur [update] =>4
2018-01-13 17:25:39 INFO  Canal:55 - getValue():4
2018-01-13 17:25:39 INFO  Afficheur:35 - Afficheur [update] =>4
2018-01-13 17:25:39 INFO  Canal:55 - getValue():4
2018-01-13 17:25:39 INFO  Afficheur:35 - Afficheur [update] =>4
2018-01-13 17:25:39 INFO  Canal:55 - getValue():4
2018-01-13 17:25:39 INFO  Afficheur:35 - Afficheur [update] =>4
2018-01-13 17:25:41 INFO  Generator:52 - [createvalue] => 33
2018-01-13 17:25:41 INFO  Atomique:30 - [execute]
2018-01-13 17:25:41 INFO  Canal:65 - [update] RANDOM := 616
2018-01-13 17:25:41 INFO  Canal:65 - [update] RANDOM := 102
2018-01-13 17:25:41 INFO  Canal:65 - [update] RANDOM := 146
2018-01-13 17:25:41 INFO  Canal:65 - [update] RANDOM := 357
2018-01-13 17:25:41 INFO  Canal:55 - getValue():33
2018-01-13 17:25:41 INFO  Afficheur:35 - Afficheur [update] =>33
2018-01-13 17:25:42 INFO  GuiCtrl:64 - [STOP]
2018-01-13 17:25:42 INFO  Canal:55 - getValue():33
2018-01-13 17:25:42 INFO  Afficheur:35 - Afficheur [update] =>33
2018-01-13 17:25:42 INFO  Canal:55 - getValue():33
2018-01-13 17:25:42 INFO  Afficheur:35 - Afficheur [update] =>33
2018-01-13 17:25:42 INFO  Canal:55 - getValue():33
2018-01-13 17:25:42 INFO  Afficheur:35 - Afficheur [update] =>33
2018-01-13 17:25:45 INFO  GuiCtrl:68 - [START]
2018-01-13 17:25:45 INFO  Generator:52 - [createvalue] => 32
2018-01-13 17:25:45 INFO  Sequentielle:33 - [execute]
2018-01-13 17:25:45 INFO  Canal:65 - [update] RANDOM := 453
2018-01-13 17:25:46 INFO  Canal:55 - getValue():32
2018-01-13 17:25:46 INFO  Afficheur:35 - Afficheur [update] =>32
2018-01-13 17:25:46 INFO  Canal:65 - [update] RANDOM := 876
2018-01-13 17:25:48 INFO  Canal:55 - getValue():32
2018-01-13 17:25:48 INFO  Afficheur:35 - Afficheur [update] =>32
2018-01-13 17:25:48 INFO  Canal:65 - [update] RANDOM := 127
2018-01-13 17:25:49 INFO  Canal:55 - getValue():32
2018-01-13 17:25:49 INFO  Afficheur:35 - Afficheur [update] =>32
2018-01-13 17:25:49 INFO  Canal:65 - [update] RANDOM := 419
2018-01-13 17:25:49 INFO  Canal:55 - getValue():32
2018-01-13 17:25:49 INFO  Afficheur:35 - Afficheur [update] =>32
2018-01-13 17:25:49 INFO  Generator:52 - [createvalue] => 80
2018-01-13 17:25:49 INFO  Sequentielle:33 - [execute]
2018-01-13 17:25:49 INFO  Canal:65 - [update] RANDOM := 666
2018-01-13 17:25:51 INFO  Canal:55 - getValue():80
2018-01-13 17:25:51 INFO  Afficheur:35 - Afficheur [update] =>80
2018-01-13 17:25:51 INFO  Canal:65 - [update] RANDOM := 394
2018-01-13 17:25:51 INFO  Canal:55 - getValue():80
2018-01-13 17:25:51 INFO  Afficheur:35 - Afficheur [update] =>80
2018-01-13 17:25:51 INFO  Canal:65 - [update] RANDOM := 314
2018-01-13 17:25:52 INFO  Canal:55 - getValue():80
2018-01-13 17:25:52 INFO  Afficheur:35 - Afficheur [update] =>80
2018-01-13 17:25:52 INFO  Canal:65 - [update] RANDOM := 383
2018-01-13 17:25:53 INFO  Canal:55 - getValue():80
2018-01-13 17:25:53 INFO  Afficheur:35 - Afficheur [update] =>80
2018-01-13 17:25:53 INFO  Generator:52 - [createvalue] => 12
2018-01-13 17:25:53 INFO  Sequentielle:33 - [execute]
2018-01-13 17:25:53 INFO  Canal:65 - [update] RANDOM := 916
2018-01-13 17:27:29 INFO  GuiCtrl:68 - [START]
2018-01-13 17:27:29 INFO  Generator:52 - [createvalue] => 24
2018-01-13 17:27:29 INFO  Atomique:30 - [execute]
2018-01-13 17:27:29 INFO  Canal:65 - [update] RANDOM := 76
2018-01-13 17:27:29 INFO  Canal:65 - [update] RANDOM := 602
2018-01-13 17:27:29 INFO  Canal:65 - [update] RANDOM := 421
2018-01-13 17:27:29 INFO  Canal:65 - [update] RANDOM := 491
2018-01-13 17:27:29 INFO  Canal:55 - getValue():24
2018-01-13 17:27:29 INFO  Afficheur:35 - Afficheur [update] =>24
2018-01-13 17:27:30 INFO  Canal:55 - getValue():24
2018-01-13 17:27:30 INFO  Afficheur:35 - Afficheur [update] =>24
2018-01-13 17:27:30 INFO  Canal:55 - getValue():24
2018-01-13 17:27:30 INFO  Afficheur:35 - Afficheur [update] =>24
2018-01-13 17:27:30 INFO  Canal:55 - getValue():24
2018-01-13 17:27:30 INFO  Afficheur:35 - Afficheur [update] =>24
2018-01-13 17:27:32 INFO  Generator:52 - [createvalue] => 73
2018-01-13 17:27:32 INFO  Atomique:30 - [execute]
2018-01-13 17:27:32 INFO  Canal:65 - [update] RANDOM := 498
2018-01-13 17:27:32 INFO  Canal:65 - [update] RANDOM := 745
2018-01-13 17:27:32 INFO  Canal:65 - [update] RANDOM := 411
2018-01-13 17:27:32 INFO  Canal:65 - [update] RANDOM := 724
2018-01-13 17:27:32 INFO  Canal:55 - getValue():73
2018-01-13 17:27:32 INFO  Afficheur:35 - Afficheur [update] =>73
2018-01-13 17:27:33 INFO  Canal:55 - getValue():73
2018-01-13 17:27:33 INFO  Afficheur:35 - Afficheur [update] =>73
2018-01-13 17:27:33 INFO  Canal:55 - getValue():73
2018-01-13 17:27:33 INFO  Afficheur:35 - Afficheur [update] =>73
2018-01-13 17:27:33 INFO  Canal:55 - getValue():73
2018-01-13 17:27:33 INFO  Afficheur:35 - Afficheur [update] =>73
2018-01-13 17:27:35 INFO  Generator:52 - [createvalue] => 85
2018-01-13 17:27:35 INFO  Atomique:30 - [execute]
2018-01-13 17:27:35 INFO  Canal:65 - [update] RANDOM := 124
2018-01-13 17:27:35 INFO  Canal:65 - [update] RANDOM := 693
2018-01-13 17:27:35 INFO  Canal:65 - [update] RANDOM := 376
2018-01-13 17:27:35 INFO  Canal:65 - [update] RANDOM := 777
2018-01-13 17:30:27 INFO  GuiCtrl:68 - [START]
2018-01-13 17:30:27 INFO  GenerateurImpl:52 - [createvalue] => 54
2018-01-13 17:30:27 INFO  Atomique:30 - [execute]
2018-01-13 17:30:27 INFO  Canal:65 - [update] RANDOM := 465
2018-01-13 17:30:27 INFO  Canal:65 - [update] RANDOM := 314
2018-01-13 17:30:27 INFO  Canal:65 - [update] RANDOM := 204
2018-01-13 17:30:27 INFO  Canal:65 - [update] RANDOM := 271
2018-01-13 17:30:28 INFO  Canal:55 - getValue():54
2018-01-13 17:30:28 INFO  Afficheur:35 - Afficheur [update] =>54
2018-01-13 17:30:28 INFO  Canal:55 - getValue():54
2018-01-13 17:30:28 INFO  Afficheur:35 - Afficheur [update] =>54
2018-01-13 17:30:28 INFO  Canal:55 - getValue():54
2018-01-13 17:30:28 INFO  Afficheur:35 - Afficheur [update] =>54
2018-01-13 17:30:28 INFO  Canal:55 - getValue():54
2018-01-13 17:30:28 INFO  Afficheur:35 - Afficheur [update] =>54
2018-01-13 17:30:30 INFO  GenerateurImpl:52 - [createvalue] => 18
2018-01-13 17:30:30 INFO  Atomique:30 - [execute]
2018-01-13 17:30:30 INFO  Canal:65 - [update] RANDOM := 909
2018-01-13 17:30:30 INFO  Canal:65 - [update] RANDOM := 632
2018-01-13 17:30:30 INFO  Canal:65 - [update] RANDOM := 159
2018-01-13 17:30:30 INFO  Canal:65 - [update] RANDOM := 122
2018-01-13 17:30:31 INFO  Canal:55 - getValue():18
2018-01-13 17:30:31 INFO  Afficheur:35 - Afficheur [update] =>18
2018-01-13 17:30:31 INFO  Canal:55 - getValue():18
2018-01-13 17:30:31 INFO  Afficheur:35 - Afficheur [update] =>18
2018-01-13 17:30:31 INFO  Canal:55 - getValue():18
2018-01-13 17:30:31 INFO  Afficheur:35 - Afficheur [update] =>18
2018-01-13 17:30:32 INFO  Canal:55 - getValue():18
2018-01-13 17:30:32 INFO  Afficheur:35 - Afficheur [update] =>18
2018-01-13 17:30:33 INFO  GenerateurImpl:52 - [createvalue] => 58
2018-01-13 17:30:33 INFO  Atomique:30 - [execute]
2018-01-13 17:30:33 INFO  Canal:65 - [update] RANDOM := 753
2018-01-13 17:30:33 INFO  Canal:65 - [update] RANDOM := 205
2018-01-13 17:30:33 INFO  Canal:65 - [update] RANDOM := 437
2018-01-13 17:30:33 INFO  Canal:65 - [update] RANDOM := 708
2018-01-13 17:30:34 INFO  GuiCtrl:64 - [STOP]
2018-01-13 17:30:34 INFO  Canal:55 - getValue():58
2018-01-13 17:30:34 INFO  Afficheur:35 - Afficheur [update] =>58
2018-01-13 17:30:42 INFO  GuiCtrl:68 - [START]
2018-01-13 17:30:42 INFO  GenerateurImpl:52 - [createvalue] => 49
2018-01-13 17:30:42 INFO  Sequentielle:33 - [execute]
2018-01-13 17:30:42 INFO  Canal:65 - [update] RANDOM := 647
2018-01-13 17:30:44 INFO  Canal:55 - getValue():49
2018-01-13 17:30:44 INFO  Afficheur:35 - Afficheur [update] =>49
2018-01-13 17:30:44 INFO  Canal:65 - [update] RANDOM := 687
2018-01-13 17:30:45 INFO  Canal:55 - getValue():49
2018-01-13 17:30:45 INFO  Afficheur:35 - Afficheur [update] =>49
2018-01-13 17:30:45 INFO  Canal:65 - [update] RANDOM := 586
2018-01-13 17:30:46 INFO  Canal:55 - getValue():49
2018-01-13 17:30:46 INFO  Afficheur:35 - Afficheur [update] =>49
2018-01-13 17:30:46 INFO  Canal:65 - [update] RANDOM := 770
2018-01-13 17:30:47 INFO  Canal:55 - getValue():49
2018-01-13 17:30:47 INFO  Afficheur:35 - Afficheur [update] =>49
2018-01-13 17:30:47 INFO  GenerateurImpl:52 - [createvalue] => 99
2018-01-13 17:30:47 INFO  Sequentielle:33 - [execute]
2018-01-13 17:30:47 INFO  Canal:65 - [update] RANDOM := 242
2018-01-13 17:30:48 INFO  Canal:55 - getValue():99
2018-01-13 17:30:48 INFO  Afficheur:35 - Afficheur [update] =>99
2018-01-13 17:30:48 INFO  Canal:65 - [update] RANDOM := 454
2018-01-13 17:30:49 INFO  Canal:55 - getValue():99
2018-01-13 17:30:49 INFO  Afficheur:35 - Afficheur [update] =>99
2018-01-13 17:30:49 INFO  Canal:65 - [update] RANDOM := 305
2018-01-13 17:41:06 INFO  GuiCtrl:68 - [START]
2018-01-13 17:41:06 INFO  GenerateurImpl:52 - [createvalue] => 37
2018-01-13 17:41:06 INFO  Atomique:30 - [execute]
2018-01-13 17:41:06 INFO  Canal:65 - [update] RANDOM := 905
2018-01-13 17:41:06 INFO  Canal:65 - [update] RANDOM := 620
2018-01-13 17:41:06 INFO  Canal:65 - [update] RANDOM := 835
2018-01-13 17:41:06 INFO  Canal:65 - [update] RANDOM := 841
2018-01-13 17:41:07 INFO  Canal:55 - getValue():37
2018-01-13 17:41:07 INFO  Afficheur:35 - Afficheur [update] =>37
2018-01-13 17:41:07 INFO  Canal:55 - getValue():37
2018-01-13 17:41:07 INFO  Afficheur:35 - Afficheur [update] =>37
2018-01-13 17:41:07 INFO  Canal:55 - getValue():37
2018-01-13 17:41:07 INFO  Afficheur:35 - Afficheur [update] =>37
2018-01-13 17:41:08 INFO  Canal:55 - getValue():37
2018-01-13 17:41:08 INFO  Afficheur:35 - Afficheur [update] =>37
2018-01-13 17:41:09 INFO  GenerateurImpl:52 - [createvalue] => 13
2018-01-13 17:41:09 INFO  Atomique:30 - [execute]
2018-01-13 17:41:09 INFO  Canal:65 - [update] RANDOM := 982
2018-01-13 17:41:09 INFO  Canal:65 - [update] RANDOM := 858
2018-01-13 17:41:09 INFO  Canal:65 - [update] RANDOM := 703
2018-01-13 17:41:09 INFO  Canal:65 - [update] RANDOM := 228
2018-01-13 17:41:09 INFO  Canal:55 - getValue():13
2018-01-13 17:41:09 INFO  Afficheur:35 - Afficheur [update] =>13
2018-01-13 17:41:10 INFO  Canal:55 - getValue():13
2018-01-13 17:41:10 INFO  Afficheur:35 - Afficheur [update] =>13
2018-01-13 17:41:10 INFO  Canal:55 - getValue():13
2018-01-13 17:41:10 INFO  Afficheur:35 - Afficheur [update] =>13
2018-01-13 17:41:10 INFO  Canal:55 - getValue():13
2018-01-13 17:41:10 INFO  Afficheur:35 - Afficheur [update] =>13
2018-01-13 17:41:12 INFO  GenerateurImpl:52 - [createvalue] => 60
2018-01-13 17:41:12 INFO  Atomique:30 - [execute]
2018-01-13 17:41:12 INFO  Canal:65 - [update] RANDOM := 543
2018-01-13 17:41:12 INFO  Canal:65 - [update] RANDOM := 588
2018-01-13 17:41:12 INFO  Canal:65 - [update] RANDOM := 475
2018-01-13 17:41:12 INFO  Canal:65 - [update] RANDOM := 429
2018-01-13 17:41:12 INFO  Canal:55 - getValue():60
2018-01-13 17:41:12 INFO  Afficheur:35 - Afficheur [update] =>60
2018-01-13 17:41:13 INFO  Canal:55 - getValue():60
2018-01-13 17:41:13 INFO  Afficheur:35 - Afficheur [update] =>60
2018-01-13 17:41:13 INFO  Canal:55 - getValue():60
2018-01-13 17:41:13 INFO  Afficheur:35 - Afficheur [update] =>60
2018-01-13 17:41:13 INFO  Canal:55 - getValue():60
2018-01-13 17:41:13 INFO  Afficheur:35 - Afficheur [update] =>60
2018-01-13 17:41:13 INFO  GuiCtrl:64 - [STOP]
2018-01-13 17:41:14 INFO  GuiCtrl:68 - [START]
2018-01-13 17:41:14 INFO  GenerateurImpl:52 - [createvalue] => 13
2018-01-13 17:41:14 INFO  Sequentielle:33 - [execute]
2018-01-13 17:41:14 INFO  Canal:65 - [update] RANDOM := 167
2018-01-13 17:41:15 INFO  Canal:55 - getValue():13
2018-01-13 17:41:15 INFO  Afficheur:35 - Afficheur [update] =>13
2018-01-13 17:41:15 INFO  Canal:65 - [update] RANDOM := 410
2018-01-13 17:41:16 INFO  Canal:55 - getValue():13
2018-01-13 17:41:16 INFO  Afficheur:35 - Afficheur [update] =>13
2018-01-13 17:41:16 INFO  Canal:65 - [update] RANDOM := 808
2018-01-13 17:41:18 INFO  Canal:55 - getValue():13
2018-01-13 17:41:18 INFO  Afficheur:35 - Afficheur [update] =>13
2018-01-13 17:41:18 INFO  Canal:65 - [update] RANDOM := 958
2018-01-13 17:41:19 INFO  Canal:55 - getValue():13
2018-01-13 17:41:19 INFO  Afficheur:35 - Afficheur [update] =>13
2018-01-13 17:41:19 INFO  GenerateurImpl:52 - [createvalue] => 97
2018-01-13 17:41:19 INFO  Sequentielle:33 - [execute]
2018-01-13 17:41:19 INFO  Canal:65 - [update] RANDOM := 646
2018-01-13 17:41:20 INFO  Canal:55 - getValue():97
2018-01-13 17:41:20 INFO  Afficheur:35 - Afficheur [update] =>97
2018-01-13 17:41:20 INFO  Canal:65 - [update] RANDOM := 381
2018-01-13 17:41:21 INFO  Canal:55 - getValue():97
2018-01-13 17:41:21 INFO  Afficheur:35 - Afficheur [update] =>97
2018-01-13 17:41:21 INFO  Canal:65 - [update] RANDOM := 976
2018-01-13 17:41:22 INFO  Canal:55 - getValue():97
2018-01-13 17:41:22 INFO  Afficheur:35 - Afficheur [update] =>97
2018-01-13 17:41:22 INFO  Canal:65 - [update] RANDOM := 590
2018-01-13 17:41:23 INFO  Canal:55 - getValue():97
2018-01-13 17:41:23 INFO  Afficheur:35 - Afficheur [update] =>97
2018-01-13 17:41:23 INFO  GenerateurImpl:52 - [createvalue] => 35
2018-01-13 17:41:23 INFO  Sequentielle:33 - [execute]
2018-01-13 17:41:23 INFO  Canal:65 - [update] RANDOM := 322
2018-01-13 17:41:24 INFO  Canal:55 - getValue():35
2018-01-13 17:41:24 INFO  Afficheur:35 - Afficheur [update] =>35
2018-01-13 17:41:24 INFO  Canal:65 - [update] RANDOM := 169
2018-01-13 17:41:25 INFO  Canal:55 - getValue():35
2018-01-13 17:41:25 INFO  Afficheur:35 - Afficheur [update] =>35
2018-01-13 17:41:25 INFO  Canal:65 - [update] RANDOM := 224
2018-01-13 17:41:25 INFO  Canal:55 - getValue():35
2018-01-13 17:41:25 INFO  Afficheur:35 - Afficheur [update] =>35
2018-01-13 17:41:25 INFO  Canal:65 - [update] RANDOM := 140
2018-01-13 17:41:25 INFO  Canal:55 - getValue():35
2018-01-13 17:41:25 INFO  Afficheur:35 - Afficheur [update] =>35
2018-01-13 17:41:25 INFO  GenerateurImpl:52 - [createvalue] => 4
2018-01-13 17:41:25 INFO  Sequentielle:33 - [execute]
2018-01-13 17:41:25 INFO  Canal:65 - [update] RANDOM := 616
2018-01-13 17:46:38 INFO  Afficheur:29 - Start Application !
2018-01-13 17:46:40 INFO  GuiCtrl:72 - [START]
2018-01-13 17:46:40 INFO  GenerateurImpl:52 - [createValue] => 21
2018-01-13 17:46:40 INFO  GenerateurImpl:70 - [strat->execute]
2018-01-13 17:46:40 INFO  Atomique:30 - [execute]
2018-01-13 17:46:40 INFO  Canal:68 - [update] RANDOM := 944
2018-01-13 17:46:40 INFO  Canal:68 - [update] RANDOM := 983
2018-01-13 17:46:40 INFO  Canal:68 - [update] RANDOM := 132
2018-01-13 17:46:40 INFO  Canal:68 - [update] RANDOM := 282
2018-01-13 17:46:40 INFO  Canal:39 - getValue()
2018-01-13 17:46:40 INFO  Canal:58 - integer => 21
2018-01-13 17:46:40 INFO  Afficheur:35 - Afficheur [update] =>21
2018-01-13 17:46:40 INFO  Canal:39 - getValue()
2018-01-13 17:46:41 INFO  Canal:39 - getValue()
2018-01-13 17:46:41 INFO  Canal:39 - getValue()
2018-01-13 17:46:41 INFO  Canal:58 - integer => 21
2018-01-13 17:46:41 INFO  Afficheur:35 - Afficheur [update] =>21
2018-01-13 17:46:41 INFO  Canal:58 - integer => 21
2018-01-13 17:46:41 INFO  Afficheur:35 - Afficheur [update] =>21
2018-01-13 17:46:42 INFO  Canal:58 - integer => 21
2018-01-13 17:46:42 INFO  Afficheur:35 - Afficheur [update] =>21
2018-01-13 17:46:43 INFO  GenerateurImpl:52 - [createValue] => 75
2018-01-13 17:46:43 INFO  GenerateurImpl:70 - [strat->execute]
2018-01-13 17:46:43 INFO  Atomique:30 - [execute]
2018-01-13 17:46:43 INFO  Canal:68 - [update] RANDOM := 996
2018-01-13 17:46:43 INFO  Canal:68 - [update] RANDOM := 461
2018-01-13 17:46:43 INFO  Canal:68 - [update] RANDOM := 397
2018-01-13 17:46:43 INFO  Canal:68 - [update] RANDOM := 713
2018-01-13 17:46:43 INFO  Canal:39 - getValue()
2018-01-13 17:46:43 INFO  Canal:58 - integer => 75
2018-01-13 17:46:43 INFO  Afficheur:35 - Afficheur [update] =>75
2018-01-13 17:46:43 INFO  Canal:39 - getValue()
2018-01-13 17:46:44 INFO  Canal:39 - getValue()
2018-01-13 17:46:44 INFO  GuiCtrl:68 - [STOP]
2018-01-13 17:46:44 INFO  Canal:39 - getValue()
2018-01-13 17:46:44 INFO  Canal:58 - integer => 75
2018-01-13 17:46:44 INFO  Afficheur:35 - Afficheur [update] =>75
2018-01-13 17:46:44 INFO  Canal:58 - integer => 75
2018-01-13 17:46:44 INFO  Afficheur:35 - Afficheur [update] =>75
2018-01-13 17:46:45 INFO  GuiCtrl:72 - [START]
2018-01-13 17:46:45 INFO  GenerateurImpl:52 - [createValue] => 48
2018-01-13 17:46:45 INFO  GenerateurImpl:70 - [strat->execute]
2018-01-13 17:46:45 INFO  Sequentielle:33 - [execute]
2018-01-13 17:46:45 INFO  Canal:68 - [update] RANDOM := 408
2018-01-13 17:46:45 INFO  Canal:39 - getValue()
2018-01-13 17:46:45 INFO  Canal:58 - integer => 48
2018-01-13 17:46:45 INFO  Afficheur:35 - Afficheur [update] =>48
2018-01-13 17:46:45 INFO  Canal:68 - [update] RANDOM := 43
2018-01-13 17:46:45 INFO  Canal:39 - getValue()
2018-01-13 17:46:46 INFO  Canal:58 - integer => 48
2018-01-13 17:46:46 INFO  Afficheur:35 - Afficheur [update] =>48
2018-01-13 17:46:46 INFO  Canal:68 - [update] RANDOM := 702
2018-01-13 17:47:05 INFO  Afficheur:29 - Start Application !
2018-01-13 17:47:08 INFO  GuiCtrl:72 - [START]
2018-01-13 17:47:08 INFO  GenerateurImpl:52 - [createValue] => 10
2018-01-13 17:47:08 INFO  GenerateurImpl:70 - [strat->execute]
2018-01-13 17:47:08 INFO  Atomique:30 - [execute]
2018-01-13 17:47:08 INFO  Canal:68 - [update] RANDOM := 95
2018-01-13 17:47:08 INFO  Canal:68 - [update] RANDOM := 328
2018-01-13 17:47:08 INFO  Canal:68 - [update] RANDOM := 946
2018-01-13 17:47:08 INFO  Canal:68 - [update] RANDOM := 505
2018-01-13 17:47:09 INFO  Canal:39 - getValue()
2018-01-13 17:47:09 INFO  Canal:39 - getValue()
2018-01-13 17:47:09 INFO  Canal:58 - integer => 10
2018-01-13 17:47:09 INFO  Afficheur:35 - Afficheur [update] =>10
2018-01-13 17:47:09 INFO  Canal:39 - getValue()
2018-01-13 17:47:09 INFO  Canal:39 - getValue()
2018-01-13 17:47:09 INFO  Canal:58 - integer => 10
2018-01-13 17:47:09 INFO  Afficheur:35 - Afficheur [update] =>10
2018-01-13 17:47:10 INFO  Canal:58 - integer => 10
2018-01-13 17:47:10 INFO  Afficheur:35 - Afficheur [update] =>10
2018-01-13 17:47:10 INFO  Canal:58 - integer => 10
2018-01-13 17:47:10 INFO  Afficheur:35 - Afficheur [update] =>10
2018-01-13 17:47:11 INFO  GenerateurImpl:52 - [createValue] => 87
2018-01-13 17:47:11 INFO  GenerateurImpl:70 - [strat->execute]
2018-01-13 17:47:11 INFO  Atomique:30 - [execute]
2018-01-13 17:47:11 INFO  Canal:68 - [update] RANDOM := 630
2018-01-13 17:47:11 INFO  Canal:68 - [update] RANDOM := 899
2018-01-13 17:47:11 INFO  Canal:68 - [update] RANDOM := 711
2018-01-13 17:47:11 INFO  Canal:68 - [update] RANDOM := 705
2018-01-13 17:48:53 INFO  Afficheur:29 - Start Application !
2018-01-13 17:48:54 INFO  GuiCtrl:72 - [START]
2018-01-13 17:48:54 INFO  GenerateurImpl:52 - [createValue] => 29
2018-01-13 17:48:54 INFO  GenerateurImpl:70 - [strat->execute]
2018-01-13 17:48:54 INFO  Atomique:30 - [execute]
2018-01-13 17:48:54 INFO  Canal:76 - [update] RANDOM := 153
2018-01-13 17:48:54 INFO  Canal:76 - [update] RANDOM := 882
2018-01-13 17:48:54 INFO  Canal:76 - [update] RANDOM := 987
2018-01-13 17:48:54 INFO  Canal:76 - [update] RANDOM := 15
2018-01-13 17:48:54 INFO  Canal:47 - getValue()
2018-01-13 17:48:54 INFO  Canal:47 - getValue()
2018-01-13 17:48:55 INFO  Canal:66 - integer => 29
2018-01-13 17:48:55 INFO  Canal:66 - integer => 29
2018-01-13 17:48:55 INFO  Afficheur:35 - Afficheur [update] =>29
2018-01-13 17:48:55 INFO  Afficheur:35 - Afficheur [update] =>29
2018-01-13 17:48:55 INFO  Canal:47 - getValue()
2018-01-13 17:48:55 INFO  Canal:47 - getValue()
2018-01-13 17:48:56 INFO  Canal:66 - integer => 29
2018-01-13 17:48:56 INFO  Afficheur:35 - Afficheur [update] =>29
2018-01-13 17:48:56 INFO  Canal:66 - integer => 29
2018-01-13 17:48:56 INFO  Afficheur:35 - Afficheur [update] =>29
2018-01-13 17:48:57 INFO  GenerateurImpl:52 - [createValue] => 67
2018-01-13 17:48:57 INFO  GenerateurImpl:70 - [strat->execute]
2018-01-13 17:48:57 INFO  Atomique:30 - [execute]
2018-01-13 17:48:57 INFO  Canal:76 - [update] RANDOM := 544
2018-01-13 17:48:57 INFO  Canal:76 - [update] RANDOM := 713
2018-01-13 17:48:57 INFO  Canal:76 - [update] RANDOM := 105
2018-01-13 17:48:57 INFO  Canal:76 - [update] RANDOM := 21
2018-01-13 17:48:57 INFO  Canal:47 - getValue()
2018-01-13 17:48:57 INFO  Canal:47 - getValue()
2018-01-13 17:48:57 INFO  Canal:66 - integer => 67
2018-01-13 17:48:57 INFO  Afficheur:35 - Afficheur [update] =>67
2018-01-13 17:48:58 INFO  Canal:47 - getValue()
2018-01-13 17:48:58 INFO  Canal:47 - getValue()
2018-01-13 17:48:58 INFO  Canal:66 - integer => 67
2018-01-13 17:48:58 INFO  Afficheur:35 - Afficheur [update] =>67
2018-01-13 17:48:58 INFO  Canal:66 - integer => 67
2018-01-13 17:48:58 INFO  Afficheur:35 - Afficheur [update] =>67
2018-01-13 17:48:59 INFO  Canal:66 - integer => 67
2018-01-13 17:48:59 INFO  Afficheur:35 - Afficheur [update] =>67
2018-01-13 17:48:59 INFO  GuiCtrl:68 - [STOP]
2018-01-13 17:49:23 INFO  Afficheur:29 - Start Application !
2018-01-13 17:49:24 INFO  GuiCtrl:72 - [START]
2018-01-13 17:49:24 INFO  GenerateurImpl:52 - [createValue] => 26
2018-01-13 17:49:24 INFO  GenerateurImpl:70 - [strat->execute]
2018-01-13 17:49:24 INFO  Atomique:30 - [execute]
2018-01-13 17:49:24 INFO  Canal:77 - [update] RANDOM := 874
2018-01-13 17:49:24 INFO  Canal:77 - [update] RANDOM := 98
2018-01-13 17:49:24 INFO  Canal:77 - [update] RANDOM := 79
2018-01-13 17:49:24 INFO  Canal:77 - [update] RANDOM := 893
2018-01-13 17:49:24 INFO  Canal:48 - getValue()
2018-01-13 17:49:24 INFO  Canal:48 - getValue()
2018-01-13 17:49:24 INFO  Canal:67 - integer => 26
2018-01-13 17:49:24 INFO  Afficheur:35 - Afficheur [update] =>26
2018-01-13 17:49:25 INFO  Canal:67 - integer => 26
2018-01-13 17:49:25 INFO  Afficheur:35 - Afficheur [update] =>26
2018-01-13 17:49:25 INFO  Canal:48 - getValue()
2018-01-13 17:49:25 INFO  Canal:48 - getValue()
2018-01-13 17:49:25 INFO  Canal:67 - integer => 26
2018-01-13 17:49:25 INFO  Afficheur:35 - Afficheur [update] =>26
2018-01-13 17:49:25 INFO  Canal:67 - integer => 26
2018-01-13 17:49:25 INFO  Afficheur:35 - Afficheur [update] =>26
2018-01-13 17:49:27 INFO  GenerateurImpl:52 - [createValue] => 76
2018-01-13 17:49:27 INFO  GenerateurImpl:70 - [strat->execute]
2018-01-13 17:49:27 INFO  Atomique:30 - [execute]
2018-01-13 17:49:27 INFO  Canal:77 - [update] RANDOM := 997
2018-01-13 17:49:27 INFO  Canal:77 - [update] RANDOM := 887
2018-01-13 17:49:27 INFO  Canal:77 - [update] RANDOM := 740
2018-01-13 17:49:27 INFO  Canal:77 - [update] RANDOM := 124
2018-01-13 17:49:27 INFO  Canal:48 - getValue()
2018-01-13 17:49:27 INFO  Canal:67 - integer => 76
2018-01-13 17:49:27 INFO  Afficheur:35 - Afficheur [update] =>76
2018-01-13 17:49:27 INFO  GuiCtrl:68 - [STOP]
2018-01-13 17:49:28 INFO  Canal:48 - getValue()
2018-01-13 17:49:28 INFO  Canal:48 - getValue()
2018-01-13 17:49:28 INFO  Canal:48 - getValue()
2018-01-13 17:49:28 INFO  GuiCtrl:72 - [START]
2018-01-13 17:49:28 INFO  GenerateurImpl:52 - [createValue] => 89
2018-01-13 17:49:28 INFO  GenerateurImpl:70 - [strat->execute]
2018-01-13 17:49:28 INFO  Sequentielle:33 - [execute]
2018-01-13 17:49:28 INFO  Canal:77 - [update] RANDOM := 258
2018-01-13 17:49:28 INFO  Canal:48 - getValue()
2018-01-13 17:49:29 INFO  Canal:67 - integer => 89
2018-01-13 17:49:29 INFO  Afficheur:35 - Afficheur [update] =>89
2018-01-13 17:49:29 INFO  Canal:77 - [update] RANDOM := 2
2018-01-13 17:49:29 INFO  Canal:48 - getValue()
2018-01-13 17:49:30 INFO  Canal:67 - integer => 89
2018-01-13 17:49:30 INFO  Afficheur:35 - Afficheur [update] =>89
2018-01-13 17:49:30 INFO  Canal:77 - [update] RANDOM := 434
2018-01-13 17:49:30 INFO  Canal:48 - getValue()
2018-01-13 17:49:30 INFO  Canal:67 - integer => 89
2018-01-13 17:49:30 INFO  Afficheur:35 - Afficheur [update] =>89
2018-01-13 17:49:30 INFO  Canal:77 - [update] RANDOM := 568
2018-01-13 17:49:31 INFO  Canal:48 - getValue()
2018-01-13 17:49:31 INFO  Canal:67 - integer => 89
2018-01-13 17:49:31 INFO  Afficheur:35 - Afficheur [update] =>89
2018-01-13 17:49:31 INFO  GenerateurImpl:52 - [createValue] => 58
2018-01-13 17:49:31 INFO  GenerateurImpl:70 - [strat->execute]
2018-01-13 17:49:31 INFO  Sequentielle:33 - [execute]
2018-01-13 17:49:31 INFO  Canal:77 - [update] RANDOM := 329
2018-01-13 17:49:32 INFO  Canal:48 - getValue()
2018-01-13 17:49:32 INFO  Canal:67 - integer => 58
2018-01-13 17:49:32 INFO  Afficheur:35 - Afficheur [update] =>58
2018-01-13 17:49:32 INFO  Canal:77 - [update] RANDOM := 276
2018-01-13 17:49:32 INFO  Canal:48 - getValue()
2018-01-13 17:49:33 INFO  Canal:67 - integer => 58
2018-01-13 17:49:33 INFO  Afficheur:35 - Afficheur [update] =>58
2018-01-13 17:49:33 INFO  Canal:77 - [update] RANDOM := 514
2018-01-13 17:49:33 INFO  Canal:48 - getValue()
2018-01-13 17:49:33 INFO  Canal:67 - integer => 58
2018-01-13 17:49:33 INFO  Afficheur:35 - Afficheur [update] =>58
2018-01-13 17:49:33 INFO  Canal:77 - [update] RANDOM := 500
2018-01-13 17:49:34 INFO  Canal:48 - getValue()
2018-01-13 17:49:34 INFO  Canal:67 - integer => 58
2018-01-13 17:49:34 INFO  Afficheur:35 - Afficheur [update] =>58
2018-01-13 17:49:34 INFO  GenerateurImpl:52 - [createValue] => 80
2018-01-13 17:49:34 INFO  GenerateurImpl:70 - [strat->execute]
2018-01-13 17:49:34 INFO  Sequentielle:33 - [execute]
2018-01-13 17:49:34 INFO  Canal:77 - [update] RANDOM := 925
2018-01-13 17:49:35 INFO  Canal:48 - getValue()
2018-01-13 17:49:36 INFO  Canal:67 - integer => 80
2018-01-13 17:49:36 INFO  Afficheur:35 - Afficheur [update] =>80
2018-01-13 17:49:36 INFO  Canal:77 - [update] RANDOM := 836
2018-01-13 17:49:36 INFO  Canal:48 - getValue()
2018-01-13 17:50:21 INFO  Afficheur:29 - Start Application !
2018-01-13 17:50:22 INFO  GuiCtrl:72 - [START]
2018-01-13 17:50:22 INFO  GenerateurImpl:52 - [createValue] => 79
2018-01-13 17:50:22 INFO  GenerateurImpl:70 - [strat->execute]
2018-01-13 17:50:22 INFO  Atomique:30 - [execute]
2018-01-13 17:50:22 INFO  Canal:73 - [update] RANDOM := 711
2018-01-13 17:50:22 INFO  Canal:73 - [update] RANDOM := 827
2018-01-13 17:50:22 INFO  Canal:73 - [update] RANDOM := 836
2018-01-13 17:50:22 INFO  Canal:73 - [update] RANDOM := 17
2018-01-13 17:50:23 INFO  Canal:44 - getValue()
2018-01-13 17:50:23 INFO  Canal:63 - integer => 79
2018-01-13 17:50:23 INFO  Afficheur:35 - Afficheur [update] =>79
2018-01-13 17:50:23 INFO  Canal:44 - getValue()
2018-01-13 17:50:23 INFO  Canal:44 - getValue()
2018-01-13 17:50:23 INFO  Canal:44 - getValue()
2018-01-13 17:50:24 INFO  Canal:63 - integer => 79
2018-01-13 17:50:24 INFO  Afficheur:35 - Afficheur [update] =>79
2018-01-13 17:50:24 INFO  Canal:63 - integer => 79
2018-01-13 17:50:24 INFO  Afficheur:35 - Afficheur [update] =>79
2018-01-13 17:50:24 INFO  Canal:63 - integer => 79
2018-01-13 17:50:24 INFO  Afficheur:35 - Afficheur [update] =>79
2018-01-13 17:50:25 INFO  GenerateurImpl:52 - [createValue] => 13
2018-01-13 17:50:25 INFO  GenerateurImpl:70 - [strat->execute]
2018-01-13 17:50:25 INFO  Atomique:30 - [execute]
2018-01-13 17:50:25 INFO  Canal:73 - [update] RANDOM := 936
2018-01-13 17:50:25 INFO  Canal:73 - [update] RANDOM := 168
2018-01-13 17:50:25 INFO  Canal:73 - [update] RANDOM := 950
2018-01-13 17:50:25 INFO  Canal:73 - [update] RANDOM := 426
2018-01-13 17:50:26 INFO  Canal:44 - getValue()
2018-01-13 17:50:26 INFO  Canal:44 - getValue()
2018-01-13 17:50:26 INFO  Canal:63 - integer => 13
2018-01-13 17:50:26 INFO  Afficheur:35 - Afficheur [update] =>13
2018-01-13 17:50:26 INFO  Canal:63 - integer => 13
2018-01-13 17:50:26 INFO  Afficheur:35 - Afficheur [update] =>13
2018-01-13 17:50:26 INFO  Canal:44 - getValue()
2018-01-13 17:50:26 INFO  Canal:44 - getValue()
2018-01-13 17:50:27 INFO  Canal:63 - integer => 13
2018-01-13 17:50:27 INFO  Afficheur:35 - Afficheur [update] =>13
2018-01-13 17:50:27 INFO  Canal:63 - integer => 13
2018-01-13 17:50:27 INFO  Afficheur:35 - Afficheur [update] =>13
2018-01-13 17:50:28 INFO  GuiCtrl:68 - [STOP]
2018-01-13 17:50:29 INFO  GuiCtrl:72 - [START]
2018-01-13 17:50:29 INFO  GenerateurImpl:52 - [createValue] => 84
2018-01-13 17:50:29 INFO  GenerateurImpl:70 - [strat->execute]
2018-01-13 17:50:29 INFO  Sequentielle:33 - [execute]
2018-01-13 17:50:29 INFO  Canal:73 - [update] RANDOM := 779
2018-01-13 17:50:30 INFO  Canal:44 - getValue()
2018-01-13 17:50:30 INFO  Canal:63 - integer => 84
2018-01-13 17:50:30 INFO  Afficheur:35 - Afficheur [update] =>84
2018-01-13 17:50:30 INFO  Canal:73 - [update] RANDOM := 782
2018-01-13 17:50:31 INFO  Canal:44 - getValue()
2018-01-13 17:50:31 INFO  Canal:63 - integer => 84
2018-01-13 17:50:31 INFO  Afficheur:35 - Afficheur [update] =>84
2018-01-13 17:50:31 INFO  Canal:73 - [update] RANDOM := 316
2018-01-13 17:50:32 INFO  Canal:44 - getValue()
2018-01-13 17:50:33 INFO  Canal:63 - integer => 84
2018-01-13 17:50:33 INFO  Afficheur:35 - Afficheur [update] =>84
2018-01-13 17:50:33 INFO  Canal:73 - [update] RANDOM := 913
2018-01-13 17:50:33 INFO  Canal:44 - getValue()
2018-01-13 17:50:34 INFO  Canal:63 - integer => 84
2018-01-13 17:50:34 INFO  Afficheur:35 - Afficheur [update] =>84
2018-01-13 17:50:34 INFO  GenerateurImpl:52 - [createValue] => 52
2018-01-13 17:50:34 INFO  GenerateurImpl:70 - [strat->execute]
2018-01-13 17:50:34 INFO  Sequentielle:33 - [execute]
2018-01-13 17:50:34 INFO  Canal:73 - [update] RANDOM := 523
2018-01-13 17:50:34 INFO  Canal:44 - getValue()
2018-01-13 17:50:35 INFO  Canal:63 - integer => 52
2018-01-13 17:50:35 INFO  Afficheur:35 - Afficheur [update] =>52
2018-01-13 17:50:35 INFO  Canal:73 - [update] RANDOM := 853
2018-01-13 17:51:36 INFO  Afficheur:29 - Start Application !
2018-01-13 17:51:38 INFO  GuiCtrl:72 - [START]
2018-01-13 17:51:38 INFO  GenerateurImpl:52 - [createValue] => 8
2018-01-13 17:51:38 INFO  GenerateurImpl:70 - [strat->execute]
2018-01-13 17:51:38 INFO  Atomique:30 - [execute]
2018-01-13 17:51:38 INFO  Canal:67 - [update] RANDOM := 216
2018-01-13 17:51:38 INFO  Canal:67 - [update] RANDOM := 318
2018-01-13 17:51:38 INFO  Canal:67 - [update] RANDOM := 520
2018-01-13 17:51:38 INFO  Canal:67 - [update] RANDOM := 834
2018-01-13 17:51:38 INFO  Canal:38 - getValue()
2018-01-13 17:51:38 INFO  Canal:38 - getValue()
2018-01-13 17:51:38 INFO  Canal:38 - getValue()
2018-01-13 17:51:38 INFO  Canal:57 - integer => 8
2018-01-13 17:51:38 INFO  Afficheur:35 - Afficheur [update] =>8
2018-01-13 17:51:38 INFO  Canal:57 - integer => 8
2018-01-13 17:51:38 INFO  Afficheur:35 - Afficheur [update] =>8
2018-01-13 17:51:39 INFO  Canal:38 - getValue()
2018-01-13 17:51:39 INFO  Canal:57 - integer => 8
2018-01-13 17:51:39 INFO  Afficheur:35 - Afficheur [update] =>8
2018-01-13 17:51:39 INFO  Canal:57 - integer => 8
2018-01-13 17:51:39 INFO  Afficheur:35 - Afficheur [update] =>8
2018-01-13 17:51:41 INFO  GenerateurImpl:52 - [createValue] => 13
2018-01-13 17:51:41 INFO  GenerateurImpl:70 - [strat->execute]
2018-01-13 17:51:41 INFO  Atomique:30 - [execute]
2018-01-13 17:51:41 INFO  Canal:67 - [update] RANDOM := 630
2018-01-13 17:51:41 INFO  Canal:67 - [update] RANDOM := 309
2018-01-13 17:51:41 INFO  Canal:67 - [update] RANDOM := 887
2018-01-13 17:51:41 INFO  Canal:67 - [update] RANDOM := 794
2018-01-13 17:51:41 INFO  Canal:38 - getValue()
2018-01-13 17:51:41 INFO  Canal:38 - getValue()
2018-01-13 17:51:42 INFO  Canal:57 - integer => 13
2018-01-13 17:51:42 INFO  Afficheur:35 - Afficheur [update] =>13
2018-01-13 17:51:42 INFO  Canal:38 - getValue()
2018-01-13 17:51:42 INFO  Canal:38 - getValue()
2018-01-13 17:51:42 INFO  Canal:57 - integer => 13
2018-01-13 17:51:42 INFO  Afficheur:35 - Afficheur [update] =>13
2018-01-13 17:51:42 INFO  Canal:57 - integer => 13
2018-01-13 17:51:42 INFO  Afficheur:35 - Afficheur [update] =>13
2018-01-13 17:51:42 INFO  Canal:57 - integer => 13
2018-01-13 17:51:42 INFO  Afficheur:35 - Afficheur [update] =>13
2018-01-13 17:51:43 INFO  GuiCtrl:68 - [STOP]
2018-01-13 17:51:44 INFO  GuiCtrl:72 - [START]
2018-01-13 17:51:44 INFO  GenerateurImpl:52 - [createValue] => 97
2018-01-13 17:51:44 INFO  GenerateurImpl:70 - [strat->execute]
2018-01-13 17:51:44 INFO  Sequentielle:33 - [execute]
2018-01-13 17:51:44 INFO  Canal:67 - [update] RANDOM := 792
2018-01-13 17:51:45 INFO  Canal:38 - getValue()
2018-01-13 17:51:45 INFO  Canal:57 - integer => 97
2018-01-13 17:51:45 INFO  Afficheur:35 - Afficheur [update] =>97
2018-01-13 17:51:45 INFO  Canal:67 - [update] RANDOM := 431
2018-01-13 17:51:46 INFO  Canal:38 - getValue()
